2017-05-28 12:39:27,454 [Worker-12] INFO  o.e.m.c.i.l.LifecycleMappingFactory - Using org.eclipse.m2e.jdt.JarLifecycleMapping lifecycle mapping for MavenProject: com.bookstore:bookstore:0.0.1-SNAPSHOT @ /home/dani/mega/javangular-bookstore/bookstore-angular/pom.xml.
2017-05-28 12:39:28,111 [Worker-12] INFO  o.e.m.j.i.AbstractJavaProjectConfigurator - Adding source folder /bookstore-angular/src/main/java
2017-05-28 12:39:28,112 [Worker-12] INFO  o.e.m.j.i.AbstractJavaProjectConfigurator - Adding resource folder /bookstore-angular/src/main/resources
2017-05-28 12:39:28,117 [Worker-12] INFO  o.e.m.j.i.AbstractJavaProjectConfigurator - Adding resource folder /bookstore-angular/src/main/resources
2017-05-28 12:39:28,121 [Worker-12] INFO  o.e.m.j.i.AbstractJavaProjectConfigurator - Adding source folder /bookstore-angular/src/test/java
2017-05-28 12:39:28,640 [Worker-12] INFO  o.e.m.c.i.p.ProjectConfigurationManager - Imported and configured 1 project(s) in 2 sec
2017-05-28 12:39:28,643 [Worker-12] INFO  o.e.m.c.i.p.ProjectConfigurationManager - Update started
2017-05-28 12:39:28,955 [Worker-12] INFO  o.e.m.c.i.l.LifecycleMappingFactory - Using org.eclipse.m2e.jdt.JarLifecycleMapping lifecycle mapping for MavenProject: com.bookstore:bookstore:0.0.1-SNAPSHOT @ /home/dani/mega/javangular-bookstore/bookstore-angular/pom.xml.
2017-05-28 12:39:29,221 [Worker-12] INFO  o.e.m.j.i.AbstractJavaProjectConfigurator - Adding source folder /bookstore-angular/src/main/java
2017-05-28 12:39:29,222 [Worker-12] INFO  o.e.m.j.i.AbstractJavaProjectConfigurator - Adding resource folder /bookstore-angular/src/main/resources
2017-05-28 12:39:29,222 [Worker-12] INFO  o.e.m.j.i.AbstractJavaProjectConfigurator - Adding resource folder /bookstore-angular/src/main/resources
2017-05-28 12:39:29,223 [Worker-12] INFO  o.e.m.j.i.AbstractJavaProjectConfigurator - Adding source folder /bookstore-angular/src/test/java
2017-05-28 12:39:29,360 [Worker-12] INFO  o.e.m.c.i.p.ProjectConfigurationManager - Update completed: 0 sec
2017-05-28 12:39:29,987 [Worker-1] INFO  o.e.m.c.i.embedder.EclipseLogger - Using 'UTF-8' encoding to copy filtered resources.
2017-05-28 12:39:29,992 [Worker-1] INFO  o.e.m.c.i.embedder.EclipseLogger - Copying 1 resource
2017-05-28 12:39:30,003 [Worker-1] INFO  o.e.m.c.i.embedder.EclipseLogger - Copying 0 resource
2017-05-28 12:39:30,006 [Worker-1] INFO  o.e.m.c.i.embedder.EclipseLogger - Using 'UTF-8' encoding to copy filtered resources.
2017-05-28 12:39:30,006 [Worker-1] INFO  o.e.m.c.i.embedder.EclipseLogger - skip non existing resourceDirectory /home/dani/mega/javangular-bookstore/bookstore-angular/src/test/resources
2017-05-28 12:39:31,337 [Worker-16] INFO  o.e.m.c.i.embedder.EclipseLogger - Using 'UTF-8' encoding to copy filtered resources.
2017-05-28 12:39:31,338 [Worker-16] INFO  o.e.m.c.i.embedder.EclipseLogger - Copying 0 resource
2017-05-28 12:39:31,339 [Worker-16] INFO  o.e.m.c.i.embedder.EclipseLogger - Copying 0 resource
2017-05-28 12:39:31,340 [Worker-16] INFO  o.e.m.c.i.embedder.EclipseLogger - Using 'UTF-8' encoding to copy filtered resources.
2017-05-28 12:39:31,340 [Worker-16] INFO  o.e.m.c.i.embedder.EclipseLogger - skip non existing resourceDirectory /home/dani/mega/javangular-bookstore/bookstore-angular/src/test/resources
2017-05-28 12:41:43,317 [Worker-6] INFO  o.e.m.c.i.l.LifecycleMappingFactory - Using org.eclipse.m2e.jdt.JarLifecycleMapping lifecycle mapping for MavenProject: com.bookstore:bookstore:0.0.1-SNAPSHOT @ /home/dani/mega/javangular-bookstore/bookstore-angular/pom.xml.
2017-05-28 12:41:43,711 [Worker-6] INFO  o.e.m.j.i.AbstractJavaProjectConfigurator - Adding source folder /bookstore-angular/src/main/java
2017-05-28 12:41:43,711 [Worker-6] INFO  o.e.m.j.i.AbstractJavaProjectConfigurator - Adding resource folder /bookstore-angular/src/main/resources
2017-05-28 12:41:43,714 [Worker-6] INFO  o.e.m.j.i.AbstractJavaProjectConfigurator - Adding resource folder /bookstore-angular/src/main/resources
2017-05-28 12:41:43,718 [Worker-6] INFO  o.e.m.j.i.AbstractJavaProjectConfigurator - Adding source folder /bookstore-angular/src/test/java
2017-05-28 12:41:43,763 [Worker-6] INFO  o.e.m.c.i.p.ProjectConfigurationManager - Imported and configured 1 project(s) in 0 sec
2017-05-28 12:41:43,764 [Worker-6] INFO  o.e.m.c.i.p.ProjectConfigurationManager - Update started
2017-05-28 12:41:44,067 [Worker-6] INFO  o.e.m.c.i.l.LifecycleMappingFactory - Using org.eclipse.m2e.jdt.JarLifecycleMapping lifecycle mapping for MavenProject: com.bookstore:bookstore:0.0.1-SNAPSHOT @ /home/dani/mega/javangular-bookstore/bookstore-angular/pom.xml.
2017-05-28 12:41:44,259 [Worker-6] INFO  o.e.m.j.i.AbstractJavaProjectConfigurator - Adding source folder /bookstore-angular/src/main/java
2017-05-28 12:41:44,259 [Worker-6] INFO  o.e.m.j.i.AbstractJavaProjectConfigurator - Adding resource folder /bookstore-angular/src/main/resources
2017-05-28 12:41:44,261 [Worker-6] INFO  o.e.m.j.i.AbstractJavaProjectConfigurator - Adding resource folder /bookstore-angular/src/main/resources
2017-05-28 12:41:44,264 [Worker-6] INFO  o.e.m.j.i.AbstractJavaProjectConfigurator - Adding source folder /bookstore-angular/src/test/java
2017-05-28 12:41:44,306 [Worker-6] INFO  o.e.m.c.i.p.ProjectConfigurationManager - Update completed: 0 sec
2017-05-28 12:41:44,745 [Worker-7] INFO  o.e.m.c.i.embedder.EclipseLogger - Using 'UTF-8' encoding to copy filtered resources.
2017-05-28 12:41:44,746 [Worker-7] INFO  o.e.m.c.i.embedder.EclipseLogger - Copying 1 resource
2017-05-28 12:41:44,755 [Worker-7] INFO  o.e.m.c.i.embedder.EclipseLogger - Copying 0 resource
2017-05-28 12:41:44,758 [Worker-7] INFO  o.e.m.c.i.embedder.EclipseLogger - Using 'UTF-8' encoding to copy filtered resources.
2017-05-28 12:41:44,759 [Worker-7] INFO  o.e.m.c.i.embedder.EclipseLogger - skip non existing resourceDirectory /home/dani/mega/javangular-bookstore/bookstore-angular/src/test/resources
